[1 of 1] Compiling Main             ( /tmp/cabal-tmp-29516/cairo-0.13.3.1/dist/dist-sandbox-8aa20aa6/setup/setup.hs, /tmp/cabal-tmp-29516/cairo-0.13.3.1/dist/dist-sandbox-8aa20aa6/setup/Main.o )
Linking /tmp/cabal-tmp-29516/cairo-0.13.3.1/dist/dist-sandbox-8aa20aa6/setup/setup ...
Configuring cairo-0.13.3.1...
Building cairo-0.13.3.1...
Preprocessing library cairo-0.13.3.1...
[ 1 of 18] Compiling Graphics.Rendering.Cairo.Matrix ( dist/dist-sandbox-8aa20aa6/build/Graphics/Rendering/Cairo/Matrix.hs, dist/dist-sandbox-8aa20aa6/build/Graphics/Rendering/Cairo/Matrix.o )
[ 2 of 18] Compiling Graphics.Rendering.Cairo.Types ( dist/dist-sandbox-8aa20aa6/build/Graphics/Rendering/Cairo/Types.hs, dist/dist-sandbox-8aa20aa6/build/Graphics/Rendering/Cairo/Types.o )
[ 3 of 18] Compiling Graphics.Rendering.Cairo.Internal.Utilities ( dist/dist-sandbox-8aa20aa6/build/Graphics/Rendering/Cairo/Internal/Utilities.hs, dist/dist-sandbox-8aa20aa6/build/Graphics/Rendering/Cairo/Internal/Utilities.o )
[ 4 of 18] Compiling Graphics.Rendering.Cairo.Internal.Drawing.Cairo ( dist/dist-sandbox-8aa20aa6/build/Graphics/Rendering/Cairo/Internal/Drawing/Cairo.hs, dist/dist-sandbox-8aa20aa6/build/Graphics/Rendering/Cairo/Internal/Drawing/Cairo.o )
[ 5 of 18] Compiling Graphics.Rendering.Cairo.Internal.Drawing.Paths ( dist/dist-sandbox-8aa20aa6/build/Graphics/Rendering/Cairo/Internal/Drawing/Paths.hs, dist/dist-sandbox-8aa20aa6/build/Graphics/Rendering/Cairo/Internal/Drawing/Paths.o )
[ 6 of 18] Compiling Graphics.Rendering.Cairo.Internal.Drawing.Patterns ( dist/dist-sandbox-8aa20aa6/build/Graphics/Rendering/Cairo/Internal/Drawing/Patterns.hs, dist/dist-sandbox-8aa20aa6/build/Graphics/Rendering/Cairo/Internal/Drawing/Patterns.o )
[ 7 of 18] Compiling Graphics.Rendering.Cairo.Internal.Drawing.Text ( dist/dist-sandbox-8aa20aa6/build/Graphics/Rendering/Cairo/Internal/Drawing/Text.hs, dist/dist-sandbox-8aa20aa6/build/Graphics/Rendering/Cairo/Internal/Drawing/Text.o )
[ 8 of 18] Compiling Graphics.Rendering.Cairo.Internal.Drawing.Transformations ( dist/dist-sandbox-8aa20aa6/build/Graphics/Rendering/Cairo/Internal/Drawing/Transformations.hs, dist/dist-sandbox-8aa20aa6/build/Graphics/Rendering/Cairo/Internal/Drawing/Transformations.o )
[ 9 of 18] Compiling Graphics.Rendering.Cairo.Internal.Fonts.FontOptions ( dist/dist-sandbox-8aa20aa6/build/Graphics/Rendering/Cairo/Internal/Fonts/FontOptions.hs, dist/dist-sandbox-8aa20aa6/build/Graphics/Rendering/Cairo/Internal/Fonts/FontOptions.o )
[10 of 18] Compiling Graphics.Rendering.Cairo.Internal.Surfaces.Image ( dist/dist-sandbox-8aa20aa6/build/Graphics/Rendering/Cairo/Internal/Surfaces/Image.hs, dist/dist-sandbox-8aa20aa6/build/Graphics/Rendering/Cairo/Internal/Surfaces/Image.o )
[11 of 18] Compiling Graphics.Rendering.Cairo.Internal.Surfaces.PDF ( dist/dist-sandbox-8aa20aa6/build/Graphics/Rendering/Cairo/Internal/Surfaces/PDF.hs, dist/dist-sandbox-8aa20aa6/build/Graphics/Rendering/Cairo/Internal/Surfaces/PDF.o )
[12 of 18] Compiling Graphics.Rendering.Cairo.Internal.Surfaces.PNG ( dist/dist-sandbox-8aa20aa6/build/Graphics/Rendering/Cairo/Internal/Surfaces/PNG.hs, dist/dist-sandbox-8aa20aa6/build/Graphics/Rendering/Cairo/Internal/Surfaces/PNG.o )
[13 of 18] Compiling Graphics.Rendering.Cairo.Internal.Surfaces.PS ( dist/dist-sandbox-8aa20aa6/build/Graphics/Rendering/Cairo/Internal/Surfaces/PS.hs, dist/dist-sandbox-8aa20aa6/build/Graphics/Rendering/Cairo/Internal/Surfaces/PS.o )
[14 of 18] Compiling Graphics.Rendering.Cairo.Internal.Surfaces.SVG ( dist/dist-sandbox-8aa20aa6/build/Graphics/Rendering/Cairo/Internal/Surfaces/SVG.hs, dist/dist-sandbox-8aa20aa6/build/Graphics/Rendering/Cairo/Internal/Surfaces/SVG.o )
[15 of 18] Compiling Graphics.Rendering.Cairo.Internal.Surfaces.Surface ( dist/dist-sandbox-8aa20aa6/build/Graphics/Rendering/Cairo/Internal/Surfaces/Surface.hs, dist/dist-sandbox-8aa20aa6/build/Graphics/Rendering/Cairo/Internal/Surfaces/Surface.o )
[16 of 18] Compiling Graphics.Rendering.Cairo.Internal.Region ( dist/dist-sandbox-8aa20aa6/build/Graphics/Rendering/Cairo/Internal/Region.hs, dist/dist-sandbox-8aa20aa6/build/Graphics/Rendering/Cairo/Internal/Region.o )
[17 of 18] Compiling Graphics.Rendering.Cairo.Internal ( Graphics/Rendering/Cairo/Internal.hs, dist/dist-sandbox-8aa20aa6/build/Graphics/Rendering/Cairo/Internal.o )
[18 of 18] Compiling Graphics.Rendering.Cairo ( Graphics/Rendering/Cairo.hs, dist/dist-sandbox-8aa20aa6/build/Graphics/Rendering/Cairo.o )
Creating package registration file:
/tmp/pkgConf-cairo-0.13.335005211521595368.1
Installing library in
/home/alexburlacu/labs/MIDPS-labs/[lab2]/.cabal-sandbox/lib/x86_64-linux-ghc-7.10.3/cairo-0.13.3.1-J1YT933it6M5Lb713zWy6M
Registering cairo-0.13.3.1...
