[1 of 1] Compiling Main             ( /tmp/cabal-tmp-29516/pango-0.13.3.1/dist/dist-sandbox-8aa20aa6/setup/setup.hs, /tmp/cabal-tmp-29516/pango-0.13.3.1/dist/dist-sandbox-8aa20aa6/setup/Main.o )
Linking /tmp/cabal-tmp-29516/pango-0.13.3.1/dist/dist-sandbox-8aa20aa6/setup/setup ...
Configuring pango-0.13.3.1...
Building pango-0.13.3.1...
Preprocessing library pango-0.13.3.1...
[ 1 of 14] Compiling Graphics.Rendering.Pango.Types ( dist/dist-sandbox-8aa20aa6/build/Graphics/Rendering/Pango/Types.hs, dist/dist-sandbox-8aa20aa6/build/Graphics/Rendering/Pango/Types.o )
[ 2 of 14] Compiling Graphics.Rendering.Pango.BasicTypes ( dist/dist-sandbox-8aa20aa6/build/Graphics/Rendering/Pango/BasicTypes.hs, dist/dist-sandbox-8aa20aa6/build/Graphics/Rendering/Pango/BasicTypes.o )
[ 3 of 14] Compiling Graphics.Rendering.Pango.Structs ( dist/dist-sandbox-8aa20aa6/build/Graphics/Rendering/Pango/Structs.hs, dist/dist-sandbox-8aa20aa6/build/Graphics/Rendering/Pango/Structs.o )
[ 4 of 14] Compiling Graphics.Rendering.Pango.Attributes ( dist/dist-sandbox-8aa20aa6/build/Graphics/Rendering/Pango/Attributes.hs, dist/dist-sandbox-8aa20aa6/build/Graphics/Rendering/Pango/Attributes.o )
[ 5 of 14] Compiling Graphics.Rendering.Pango.GlyphStorage ( dist/dist-sandbox-8aa20aa6/build/Graphics/Rendering/Pango/GlyphStorage.hs, dist/dist-sandbox-8aa20aa6/build/Graphics/Rendering/Pango/GlyphStorage.o )
[ 6 of 14] Compiling Graphics.Rendering.Pango.Enums ( dist/dist-sandbox-8aa20aa6/build/Graphics/Rendering/Pango/Enums.hs, dist/dist-sandbox-8aa20aa6/build/Graphics/Rendering/Pango/Enums.o )
[ 7 of 14] Compiling Graphics.Rendering.Pango.Description ( dist/dist-sandbox-8aa20aa6/build/Graphics/Rendering/Pango/Description.hs, dist/dist-sandbox-8aa20aa6/build/Graphics/Rendering/Pango/Description.o )
[ 8 of 14] Compiling Graphics.Rendering.Pango.Font ( dist/dist-sandbox-8aa20aa6/build/Graphics/Rendering/Pango/Font.hs, dist/dist-sandbox-8aa20aa6/build/Graphics/Rendering/Pango/Font.o )
[ 9 of 14] Compiling Graphics.Rendering.Pango.Markup ( dist/dist-sandbox-8aa20aa6/build/Graphics/Rendering/Pango/Markup.hs, dist/dist-sandbox-8aa20aa6/build/Graphics/Rendering/Pango/Markup.o )
[10 of 14] Compiling Graphics.Rendering.Pango.Rendering ( dist/dist-sandbox-8aa20aa6/build/Graphics/Rendering/Pango/Rendering.hs, dist/dist-sandbox-8aa20aa6/build/Graphics/Rendering/Pango/Rendering.o )
[11 of 14] Compiling Graphics.Rendering.Pango.Layout ( dist/dist-sandbox-8aa20aa6/build/Graphics/Rendering/Pango/Layout.hs, dist/dist-sandbox-8aa20aa6/build/Graphics/Rendering/Pango/Layout.o )
[12 of 14] Compiling Graphics.Rendering.Pango.Cairo ( dist/dist-sandbox-8aa20aa6/build/Graphics/Rendering/Pango/Cairo.hs, dist/dist-sandbox-8aa20aa6/build/Graphics/Rendering/Pango/Cairo.o )
[13 of 14] Compiling Graphics.Rendering.Pango.Context ( dist/dist-sandbox-8aa20aa6/build/Graphics/Rendering/Pango/Context.hs, dist/dist-sandbox-8aa20aa6/build/Graphics/Rendering/Pango/Context.o )
[14 of 14] Compiling Graphics.Rendering.Pango ( dist/dist-sandbox-8aa20aa6/build/Graphics/Rendering/Pango.hs, dist/dist-sandbox-8aa20aa6/build/Graphics/Rendering/Pango.o )
Creating package registration file:
/tmp/pkgConf-pango-0.13.3278722862233665123.1
Installing library in
/home/alexburlacu/labs/MIDPS-labs/[lab2]/.cabal-sandbox/lib/x86_64-linux-ghc-7.10.3/pango-0.13.3.1-6WJsGbEdhULCGR8ZSbmol3
Registering pango-0.13.3.1...
